<?xml version="1.0" encoding="UTF-8"?>
<testng-results ignored="0" total="1" passed="1" failed="0" skipped="0">
  <reporter-output>
    <line>
      <![CDATA[Application opened]]>
    </line>
    <line>
      <![CDATA[Tiltle Not matched]]>
    </line>
    <line>
      <![CDATA[OrangeHRM]]>
    </line>
    <line>
      <![CDATA[Login completed]]>
    </line>
    <line>
      <![CDATA[Tiltle matched]]>
    </line>
    <line>
      <![CDATA[Application Closed]]>
    </line>
  </reporter-output>
  <suite started-at="2023-03-28T14:06:04 AWST" name="Default suite" finished-at="2023-03-28T14:06:36 AWST" duration-ms="31664">
    <groups>
    </groups>
    <test started-at="2023-03-28T14:06:04 AWST" name="Default test" finished-at="2023-03-28T14:06:36 AWST" duration-ms="31664">
      <class name="com.hrms.testscripts.TC_HRMS_001">
        <test-method signature="tc001()[pri:0, instance:com.hrms.testscripts.TC_HRMS_001@4310d43]" started-at="2023-03-28T14:06:04 AWST" name="tc001" finished-at="2023-03-28T14:06:36 AWST" duration-ms="31543" status="PASS">
          <reporter-output>
            <line>
              <![CDATA[Application opened]]>
            </line>
            <line>
              <![CDATA[Tiltle Not matched]]>
            </line>
            <line>
              <![CDATA[OrangeHRM]]>
            </line>
            <line>
              <![CDATA[Login completed]]>
            </line>
            <line>
              <![CDATA[Tiltle matched]]>
            </line>
            <line>
              <![CDATA[Application Closed]]>
            </line>
          </reporter-output>
        </test-method> <!-- tc001 -->
      </class> <!-- com.hrms.testscripts.TC_HRMS_001 -->
    </test> <!-- Default test -->
  </suite> <!-- Default suite -->
</testng-results>
